Arguments: 
  /home/ianleck/.nvm/versions/node/v12.15.0/bin/node /home/ianleck/.yarn/bin/yarn.js init

PATH: 
  /home/ianleck/anaconda3/condabin:/home/ianleck/.yarn/bin:/home/ianleck/.config/yarn/global/node_modules/.bin:/home/ianleck/.nvm/versions/node/v12.15.0/bin:/home/ianleck/bin:/usr/local/sbin:/usr/local/bin:/usr/sbin:/usr/bin:/sbin:/bin:/usr/games:/usr/local/games:/snap/bin:/home/ianleck/Android/Sdk/emulator:/home/ianleck/Android/Sdk/tools:/home/ianleck/Android/Sdk/tools/bin:/home/ianleck/Android/Sdk/platform-tools

Yarn version: 
  1.22.4

Node version: 
  12.15.0

Platform: 
  linux x64

Trace: 
  Error: canceled
      at Interface.<anonymous> (/home/ianleck/.yarn/lib/cli.js:137008:13)
      at Interface.emit (events.js:223:5)
      at Interface._ttyWrite (readline.js:885:16)
      at ReadStream.onkeypress (readline.js:191:10)
      at ReadStream.emit (events.js:223:5)
      at emitKeys (internal/readline/utils.js:433:14)
      at emitKeys.next (<anonymous>)
      at ReadStream.onData (readline.js:1151:36)
      at ReadStream.emit (events.js:223:5)
      at addChunk (_stream_readable.js:309:12)

npm manifest: 
  No manifest

yarn manifest: 
  No manifest

Lockfile: 
  No lockfile
